2025-12-20 03:26:04:264 [32minfo[39m: [32mServe ris running on port 5000}[39m
2025-12-20 03:26:29:2629 [32minfo[39m: [32mServeris running on port 5000}[39m
2025-12-20 03:26:31:2631 [32minfo[39m: [32mServer is running on port 5000}[39m
2025-12-20 03:26:35:2635 [32minfo[39m: [32mServer is running on port 5000}[39m
2025-12-20 03:26:52:2652 [35mhttp[39m: [35mGET / 404 139 - 8.605 ms ::1[39m
2025-12-20 03:26:59:2659 [35mhttp[39m: [35mGET /health 200 45 - 7.217 ms ::1[39m
2025-12-20 03:27:00:270 [35mhttp[39m: [35mGET /favicon.ico 404 150 - 2.199 ms ::1[39m
2025-12-20 03:41:58:4158 [32minfo[39m: [32mServer is running on port 5000}[39m
2025-12-20 03:42:05:425 [35mhttp[39m: [35mGET /api/docs 301 158 - 6.153 ms ::1[39m
2025-12-20 03:42:05:425 [35mhttp[39m: [35mGET /api/docs/ 200 3106 - 4.761 ms ::1[39m
2025-12-20 03:42:05:425 [35mhttp[39m: [35mGET /api/docs/swagger-ui-init.js 200 2112 - 0.567 ms ::1[39m
2025-12-20 03:42:05:425 [35mhttp[39m: [35mGET /api/docs/swagger-ui.css 200 177183 - 25.815 ms ::1[39m
2025-12-20 03:42:05:425 [35mhttp[39m: [35mGET /api/docs/swagger-ui-standalone-preset.js 200 252451 - 22.037 ms ::1[39m
2025-12-20 03:42:06:426 [35mhttp[39m: [35mGET /api/docs/swagger-ui-bundle.js 200 1510271 - 22.974 ms ::1[39m
2025-12-20 03:42:06:426 [35mhttp[39m: [35mGET /api/docs/favicon-32x32.png 200 628 - 5.138 ms ::1[39m
2025-12-26 20:46:40:4640 [32minfo[39m: [32mServer is running on port 3000}[39m
2025-12-26 20:46:49:4649 [35mhttp[39m: [35mGET /api/docs/ 304 - - 4.795 ms ::1[39m
2025-12-26 20:46:49:4649 [35mhttp[39m: [35mGET /api/docs/swagger-ui.css 304 - - 3.881 ms ::1[39m
2025-12-26 20:46:49:4649 [35mhttp[39m: [35mGET /api/docs/swagger-ui-bundle.js 304 - - 1.669 ms ::1[39m
2025-12-26 20:46:49:4649 [35mhttp[39m: [35mGET /api/docs/swagger-ui-init.js 304 - - 0.550 ms ::1[39m
2025-12-26 20:46:49:4649 [35mhttp[39m: [35mGET /api/docs/swagger-ui-standalone-preset.js 304 - - 5.991 ms ::1[39m
2025-12-26 20:46:49:4649 [35mhttp[39m: [35mGET /api/docs/favicon-32x32.png 304 - - 0.867 ms ::1[39m
2025-12-26 20:46:50:4650 [35mhttp[39m: [35mGET /api/docs/ 304 - - 1.184 ms ::1[39m
2025-12-26 20:46:50:4650 [35mhttp[39m: [35mGET /api/docs/swagger-ui.css 304 - - 1.665 ms ::1[39m
2025-12-26 20:46:50:4650 [35mhttp[39m: [35mGET /api/docs/swagger-ui-bundle.js 304 - - 3.737 ms ::1[39m
2025-12-26 20:46:50:4650 [35mhttp[39m: [35mGET /api/docs/swagger-ui-standalone-preset.js 304 - - 3.452 ms ::1[39m
2025-12-26 20:46:50:4650 [35mhttp[39m: [35mGET /api/docs/swagger-ui-init.js 304 - - 0.348 ms ::1[39m
2025-12-26 20:46:50:4650 [35mhttp[39m: [35mGET /api/docs/favicon-32x32.png 304 - - 0.799 ms ::1[39m
2025-12-26 20:46:55:4655 [35mhttp[39m: [35mGET /health 304 - - 1.097 ms ::1[39m
2025-12-26 20:46:56:4656 [35mhttp[39m: [35mGET /favicon.ico 404 150 - 3.234 ms ::1[39m
2025-12-26 20:46:56:4656 [35mhttp[39m: [35mGET /health 304 - - 0.871 ms ::1[39m
2025-12-26 20:54:30:5430 [35mhttp[39m: [35mGET /api/docs/ 304 - - 0.862 ms ::1[39m
2025-12-26 20:54:30:5430 [35mhttp[39m: [35mGET /api/docs/swagger-ui.css 304 - - 0.825 ms ::1[39m
2025-12-26 20:54:30:5430 [35mhttp[39m: [35mGET /api/docs/swagger-ui-init.js 304 - - 0.247 ms ::1[39m
2025-12-26 20:54:30:5430 [35mhttp[39m: [35mGET /api/docs/swagger-ui-bundle.js 304 - - 3.041 ms ::1[39m
2025-12-26 20:54:30:5430 [35mhttp[39m: [35mGET /api/docs/swagger-ui-standalone-preset.js 304 - - 3.295 ms ::1[39m
2025-12-26 20:54:31:5431 [35mhttp[39m: [35mGET /api/docs/favicon-32x32.png 304 - - 0.528 ms ::1[39m
2025-12-26 20:54:32:5432 [35mhttp[39m: [35mGET /api/docs/ 304 - - 0.590 ms ::1[39m
2025-12-26 20:54:32:5432 [35mhttp[39m: [35mGET /api/docs/swagger-ui.css 304 - - 3.989 ms ::1[39m
2025-12-26 20:54:32:5432 [35mhttp[39m: [35mGET /api/docs/swagger-ui-bundle.js 304 - - 4.299 ms ::1[39m
2025-12-26 20:54:32:5432 [35mhttp[39m: [35mGET /api/docs/swagger-ui-init.js 304 - - 0.358 ms ::1[39m
2025-12-26 20:54:32:5432 [35mhttp[39m: [35mGET /api/docs/swagger-ui-standalone-preset.js 304 - - 3.040 ms ::1[39m
2025-12-26 20:54:32:5432 [35mhttp[39m: [35mGET /api/docs/favicon-32x32.png 304 - - 0.607 ms ::1[39m
2025-12-26 20:54:53:5453 [32minfo[39m: [32mServer is running on port 3000}[39m
2025-12-26 20:55:09:559 [35mhttp[39m: [35mGET /api/docs/ 304 - - 8.197 ms ::1[39m
2025-12-26 20:55:09:559 [35mhttp[39m: [35mGET /api/docs/swagger-ui.css 304 - - 3.715 ms ::1[39m
2025-12-26 20:55:09:559 [35mhttp[39m: [35mGET /api/docs/swagger-ui-bundle.js 304 - - 4.813 ms ::1[39m
2025-12-26 20:55:09:559 [35mhttp[39m: [35mGET /api/docs/swagger-ui-init.js 304 - - 1.314 ms ::1[39m
2025-12-26 20:55:09:559 [35mhttp[39m: [35mGET /api/docs/swagger-ui-standalone-preset.js 304 - - 15.294 ms ::1[39m
2025-12-26 20:55:54:5554 [35mhttp[39m: [35mGET /api/docs/ 304 - - 0.813 ms ::1[39m
2025-12-26 20:55:54:5554 [35mhttp[39m: [35mGET /api/docs/swagger-ui.css 304 - - 0.664 ms ::1[39m
2025-12-26 20:55:54:5554 [35mhttp[39m: [35mGET /api/docs/swagger-ui-init.js 304 - - 0.357 ms ::1[39m
2025-12-26 20:55:54:5554 [35mhttp[39m: [35mGET /api/docs/swagger-ui-bundle.js 304 - - 5.588 ms ::1[39m
2025-12-26 20:55:54:5554 [35mhttp[39m: [35mGET /api/docs/swagger-ui-standalone-preset.js 304 - - 8.172 ms ::1[39m
2025-12-26 20:55:54:5554 [35mhttp[39m: [35mGET /api/docs/favicon-32x32.png 304 - - 1.588 ms ::1[39m
2025-12-26 20:56:33:5633 [35mhttp[39m: [35mGET /api/docs/ 304 - - 0.832 ms ::1[39m
2025-12-26 20:56:33:5633 [35mhttp[39m: [35mGET /api/docs/swagger-ui.css 304 - - 1.343 ms ::1[39m
2025-12-26 20:56:33:5633 [35mhttp[39m: [35mGET /api/docs/swagger-ui-bundle.js 304 - - 1.459 ms ::1[39m
2025-12-26 20:56:33:5633 [35mhttp[39m: [35mGET /api/docs/swagger-ui-init.js 304 - - 0.804 ms ::1[39m
2025-12-26 20:56:33:5633 [35mhttp[39m: [35mGET /api/docs/swagger-ui-standalone-preset.js 304 - - 5.528 ms ::1[39m
2025-12-26 20:56:33:5633 [35mhttp[39m: [35mGET /api/docs/favicon-32x32.png 304 - - 1.013 ms ::1[39m
2025-12-26 20:56:34:5634 [35mhttp[39m: [35mGET /api/docs/ 304 - - 1.172 ms ::1[39m
2025-12-26 20:56:34:5634 [35mhttp[39m: [35mGET /api/docs/swagger-ui.css 304 - - 1.581 ms ::1[39m
2025-12-26 20:56:34:5634 [35mhttp[39m: [35mGET /api/docs/swagger-ui-init.js 304 - - 0.387 ms ::1[39m
2025-12-26 20:56:34:5634 [35mhttp[39m: [35mGET /api/docs/swagger-ui-bundle.js 304 - - 5.005 ms ::1[39m
2025-12-26 20:56:34:5634 [35mhttp[39m: [35mGET /api/docs/swagger-ui-standalone-preset.js 304 - - 6.947 ms ::1[39m
2025-12-26 20:56:34:5634 [35mhttp[39m: [35mGET /api/docs/favicon-32x32.png 304 - - 0.722 ms ::1[39m
2025-12-26 21:00:23:023 [32minfo[39m: [32mServer is running on port 3000}[39m
2025-12-26 21:00:27:027 [32minfo[39m: [32mServer is running on port 3000}[39m
2025-12-26 21:00:29:029 [32minfo[39m: [32mServer is running on port 3000}[39m
2025-12-26 21:00:32:032 [32minfo[39m: [32mServer is running on port 3000}[39m
2025-12-26 21:00:35:035 [32minfo[39m: [32mServer is running on port 3000}[39m
2025-12-26 21:00:41:041 [32minfo[39m: [32mServer is running on port 3000}[39m
2025-12-26 21:00:45:045 [32minfo[39m: [32mServer is running on port 3000}[39m
2025-12-26 21:01:16:116 [32minfo[39m: [32mServer is running on port 3000}[39m
2025-12-26 21:01:19:119 [32minfo[39m: [32mServer is running on port 3000}[39m
2025-12-26 21:01:24:124 [32minfo[39m: [32mServer is running on port 3000}[39m
2025-12-26 21:01:26:126 [32minfo[39m: [32mServer is running on port 3000}[39m
2025-12-26 21:01:28:128 [32minfo[39m: [32mServer is running on port 3000}[39m
2025-12-26 21:01:33:133 [32minfo[39m: [32mServer is running on port 3000}[39m
2025-12-26 21:01:38:138 [32minfo[39m: [32mServer is running on port 3000}[39m
2025-12-26 21:01:40:140 [32minfo[39m: [32mServer is running on port 3000}[39m
2025-12-26 21:01:45:145 [32minfo[39m: [32mServer is running on port 3000}[39m
2025-12-26 21:01:48:148 [32minfo[39m: [32mServer is running on port 3000}[39m
2025-12-26 21:01:52:152 [32minfo[39m: [32mServer is running on port 3000}[39m
2025-12-26 21:01:59:159 [32minfo[39m: [32mServer is running on port 3000}[39m
2025-12-26 21:02:02:22 [32minfo[39m: [32mServer is running on port 3000}[39m
2025-12-26 21:02:03:23 [32minfo[39m: [32mServer is running on port 3000}[39m
2025-12-26 21:02:06:26 [32minfo[39m: [32mServer is running on port 3000}[39m
2025-12-26 21:02:08:28 [32minfo[39m: [32mServer is running on port 3000}[39m
2025-12-26 21:02:13:213 [32minfo[39m: [32mServer is running on port 3000}[39m
2025-12-26 21:02:16:216 [32minfo[39m: [32mServer is running on port 3000}[39m
2025-12-26 21:02:19:219 [32minfo[39m: [32mServer is running on port 3000}[39m
2025-12-26 21:02:22:222 [32minfo[39m: [32mServer is running on port 3000}[39m
2025-12-26 21:02:25:225 [32minfo[39m: [32mServer is running on port 3000}[39m
2025-12-26 21:02:29:229 [32minfo[39m: [32mServer is running on port 3000}[39m
2025-12-26 21:02:33:233 [32minfo[39m: [32mServer is running on port 3000}[39m
2025-12-26 21:03:49:349 [32minfo[39m: [32mServer is running on port 3000}[39m
2025-12-26 21:03:55:355 [32minfo[39m: [32mServer is running on port 3000}[39m
2025-12-26 21:04:14:414 [32minfo[39m: [32mServer is running on port 3000}[39m
2025-12-26 21:04:16:416 [32minfo[39m: [32mServer is running on port 3000}[39m
2025-12-26 21:04:17:417 [32minfo[39m: [32mServer is running on port 3000}[39m
2025-12-26 21:04:21:421 [32minfo[39m: [32mServer is running on port 3000}[39m
2025-12-26 21:04:58:458 [32minfo[39m: [32mServer is running on port 3000}[39m
2025-12-26 21:04:59:459 [32minfo[39m: [32mServer is running on port 3000}[39m
2025-12-26 21:05:02:52 [32minfo[39m: [32mServer is running on port 3000}[39m
2025-12-26 21:05:09:59 [32minfo[39m: [32mServer is running on port 3000}[39m
2025-12-26 21:05:16:516 [32minfo[39m: [32mServer is running on port 3000}[39m
2025-12-26 21:05:19:519 [32minfo[39m: [32mServer is running on port 3000}[39m
2025-12-26 21:05:21:521 [32minfo[39m: [32mServer is running on port 3000}[39m
2025-12-26 21:05:25:525 [32minfo[39m: [32mServer is running on port 3000}[39m
2025-12-26 21:05:29:529 [32minfo[39m: [32mServer is running on port 3000}[39m
2025-12-26 21:05:35:535 [32minfo[39m: [32mServer is running on port 3000}[39m
2025-12-26 21:05:46:546 [32minfo[39m: [32mServer is running on port 3000}[39m
2025-12-26 21:05:51:551 [32minfo[39m: [32mServer is running on port 3000}[39m
2025-12-26 21:05:58:558 [32minfo[39m: [32mServer is running on port 3000}[39m
2025-12-26 21:06:14:614 [32minfo[39m: [32mServer is running on port 3000}[39m
2025-12-26 21:06:20:620 [32minfo[39m: [32mServer is running on port 3000}[39m
2025-12-26 21:06:23:623 [32minfo[39m: [32mServer is running on port 3000}[39m
2025-12-26 21:06:49:649 [32minfo[39m: [32mServer is running on port 3000}[39m
2025-12-26 21:17:24:1724 [32minfo[39m: [32mServer is running on port 3000}[39m
2025-12-26 21:17:26:1726 [32minfo[39m: [32mServer is running on port 3000}[39m
2026-01-02 07:09:14:914 [32minfo[39m: [32mServer is running on port 3000}[39m
2026-01-02 07:09:20:920 [32minfo[39m: [32mServer is running on port 3000}[39m
2026-01-02 07:09:35:935 [32minfo[39m: [32mServer is running on port 3000}[39m
2026-01-02 07:09:42:942 [35mhttp[39m: [35mGET /health 200 84 - 3.869 ms ::1[39m
2026-01-02 07:09:42:942 [35mhttp[39m: [35mGET /favicon.ico 404 150 - 4.076 ms ::1[39m
2026-01-02 07:24:25:2425 [32minfo[39m: [32mServer is running on port 3000}[39m
2026-01-02 07:24:35:2435 [32minfo[39m: [32mServer is running on port 3000}[39m
2026-01-02 07:24:39:2439 [32minfo[39m: [32mServer is running on port 3000}[39m
2026-01-02 07:30:49:3049 [35mhttp[39m: [35mGET /api/docs/ 304 - - 4.024 ms ::1[39m
2026-01-02 07:30:49:3049 [35mhttp[39m: [35mGET /api/docs/swagger-ui.css 304 - - 4.398 ms ::1[39m
2026-01-02 07:30:49:3049 [35mhttp[39m: [35mGET /api/docs/swagger-ui-bundle.js 304 - - 1.226 ms ::1[39m
2026-01-02 07:30:49:3049 [35mhttp[39m: [35mGET /api/docs/swagger-ui-init.js 200 3477 - 0.707 ms ::1[39m
2026-01-02 07:30:49:3049 [35mhttp[39m: [35mGET /api/docs/swagger-ui-standalone-preset.js 304 - - 8.966 ms ::1[39m
2026-01-02 07:30:49:3049 [35mhttp[39m: [35mGET /api/docs/favicon-32x32.png 304 - - 1.708 ms ::1[39m
2026-01-02 07:35:54:3554 [32minfo[39m: [32mServer is running on port 3000}[39m
2026-01-02 07:40:58:4058 [32minfo[39m: [32mServer is running on port 3000}[39m
2026-01-02 08:00:30:030 [32minfo[39m: [32mServer is running on port 3000}[39m
2026-01-02 08:01:34:134 [35mhttp[39m: [35mGET /api/docs/ 304 - - 7.232 ms ::1[39m
2026-01-02 08:01:34:134 [35mhttp[39m: [35mGET /api/docs/swagger-ui.css 304 - - 2.136 ms ::1[39m
2026-01-02 08:01:34:134 [35mhttp[39m: [35mGET /api/docs/swagger-ui-bundle.js 304 - - 3.356 ms ::1[39m
2026-01-02 08:01:34:134 [35mhttp[39m: [35mGET /api/docs/swagger-ui-standalone-preset.js 304 - - 4.507 ms ::1[39m
2026-01-02 08:01:34:134 [35mhttp[39m: [35mGET /api/docs/swagger-ui-init.js 304 - - 0.743 ms ::1[39m
2026-01-02 08:01:34:134 [35mhttp[39m: [35mGET /api/docs/favicon-32x32.png 304 - - 1.380 ms ::1[39m
2026-01-02 08:07:28:728 [35mhttp[39m: [35mPOST /users/register 404 154 - 0.649 ms ::1[39m
2026-01-02 08:09:21:921 [32minfo[39m: [32mServer is running on port 3000}[39m
2026-01-02 08:09:30:930 [32minfo[39m: [32mZodError - [[39m
[32m  {[39m
[32m    "origin": "string",[39m
[32m    "code": "invalid_format",[39m
[32m    "format": "regex",[39m
[32m    "pattern": "/[A-Z]/",[39m
[32m    "path": [[39m
[32m      "password"[39m
[32m    ],[39m
[32m    "message": "Password must contain at least one uppercase letter"[39m
[32m  },[39m
[32m  {[39m
[32m    "origin": "string",[39m
[32m    "code": "invalid_format",[39m
[32m    "format": "regex",[39m
[32m    "pattern": "/[a-z]/",[39m
[32m    "path": [[39m
[32m      "password"[39m
[32m    ],[39m
[32m    "message": "Password must contain at least one lowercase letter"[39m
[32m  },[39m
[32m  {[39m
[32m    "origin": "string",[39m
[32m    "code": "invalid_format",[39m
[32m    "format": "regex",[39m
[32m    "pattern": "/[^A-Za-z0-9]/",[39m
[32m    "path": [[39m
[32m      "password"[39m
[32m    ],[39m
[32m    "message": "Password must contain at least one special character"[39m
[32m  }[39m
[32m] - /api/v1/users/register - POST - ::1[39m
2026-01-02 08:09:30:930 [35mhttp[39m: [35mPOST /api/v1/users/register 400 345 - 5.519 ms ::1[39m
2026-01-02 08:10:11:1011 [32minfo[39m: [32mZodError - [[39m
[32m  {[39m
[32m    "origin": "string",[39m
[32m    "code": "too_small",[39m
[32m    "minimum": 8,[39m
[32m    "inclusive": true,[39m
[32m    "path": [[39m
[32m      "password"[39m
[32m    ],[39m
[32m    "message": "Password must be at least 8 characters"[39m
[32m  },[39m
[32m  {[39m
[32m    "origin": "string",[39m
[32m    "code": "invalid_format",[39m
[32m    "format": "regex",[39m
[32m    "pattern": "/[0-9]/",[39m
[32m    "path": [[39m
[32m      "password"[39m
[32m    ],[39m
[32m    "message": "Password must contain at least one number"[39m
[32m  }[39m
[32m] - /api/v1/users/register - POST - ::1[39m
2026-01-02 08:10:11:1011 [35mhttp[39m: [35mPOST /api/v1/users/register 400 236 - 3.925 ms ::1[39m
2026-01-02 08:10:27:1027 [35mhttp[39m: [35mPOST /api/v1/users/register 201 104 - 3711.274 ms ::1[39m
